Arguments: 
  /usr/local/Cellar/node/6.1.0/bin/node /usr/local/bin/yarn install

PATH: 
  /Users/andre/.rvm/gems/ruby-2.0.0-p643/bin:/Users/andre/.rvm/gems/ruby-2.0.0-p643@global/bin:/Users/andre/.rvm/rubies/ruby-2.0.0-p643/bin:/usr/local/bin:/usr/bin:/bin:/usr/sbin:/sbin:/Library/Frameworks/Mono.framework/Versions/Current/Commands:/Applications/Visual Studio Code.app/Contents/Resources/app/bin:/Users/andre/bin:/Users/andre/.rvm/bin

Yarn version: 
  1.0.2

Node version: 
  6.1.0

Platform: 
  darwin x64

npm manifest: 
  {
    "name": "andruska-website",
    "version": "0.0.1",
    "description": "Jekyll setup example",
    "main": "_site/index.html",
    "scripts": {
      "start": "jekyll serve",
      "build": "node scripts/build.js",
    },
    "repository": {
      "type": "git",
      "url": "git://github.com/aymerick/jekyll-example.git"
    },
    "author": "André Rusakow",
    "license": "MIT",
    "bugs": {
      "url": "https://github.com/aymerick/jekyll-example/issues"
    },
    "homepage": "https://github.com/aymerick/jekyll-example",
    "dependencies": {
      "lodash": "^4.17.4"
    }
  }

yarn manifest: 
  No manifest

Lockfile: 
  # THIS IS AN AUTOGENERATED FILE. DO NOT EDIT THIS FILE DIRECTLY.
  # yarn lockfile v1
  
  
  lodash@^4.17.4:
    version "4.17.4"
    resolved "https://registry.yarnpkg.com/lodash/-/lodash-4.17.4.tgz#78203a4d1c328ae1d86dca6460e369b57f4055ae"

Trace: 
  SyntaxError: /Users/andre/DEV/andruska/andruska-io/package.json: Unexpected token } in JSON at position 209
      at Object.parse (native)
      at /usr/local/lib/node_modules/yarn/lib/cli.js:797:57
      at next (native)
      at step (/usr/local/lib/node_modules/yarn/lib/cli.js:92:30)
      at /usr/local/lib/node_modules/yarn/lib/cli.js:103:13
      at run (/usr/local/lib/node_modules/yarn/lib/cli.js:90440:22)
      at /usr/local/lib/node_modules/yarn/lib/cli.js:90453:28
      at flush (/usr/local/lib/node_modules/yarn/lib/cli.js:89911:9)
      at _combinedTickCallback (internal/process/next_tick.js:67:7)
      at process._tickCallback (internal/process/next_tick.js:98:9)
